#
# There is insufficient memory for the Java Runtime Environment to continue.
# Native memory allocation (malloc) failed to allocate 1746288 bytes for Chunk::new
# Possible reasons:
#   The system is out of physical RAM or swap space
#   The process is running with CompressedOops enabled, and the Java Heap may be blocking the growth of the native heap
# Possible solutions:
#   Reduce memory load on the system
#   Increase physical memory or swap space
#   Check if swap backing store is full
#   Decrease Java heap size (-Xmx/-Xms)
#   Decrease number of Java threads
#   Decrease Java thread stack sizes (-Xss)
#   Set larger code cache with -XX:ReservedCodeCacheSize=
#   JVM is running with Zero Based Compressed Oops mode in which the Java heap is
#     placed in the first 32GB address space. The Java Heap base address is the
#     maximum limit for the native heap growth. Please use -XX:HeapBaseMinAddress
#     to set the Java Heap base and to place the Java Heap above 32GB virtual address.
# This output file may be truncated or incomplete.
#
#  Out of Memory Error (arena.cpp:189), pid=7552, tid=21804
#
# JRE version: OpenJDK Runtime Environment Temurin-17.0.1+12 (17.0.1+12) (build 17.0.1+12)
# Java VM: OpenJDK 64-Bit Server VM Temurin-17.0.1+12 (17.0.1+12, mixed mode, tiered, compressed oops, compressed class ptrs, g1 gc, windows-amd64)
# No core dump will be written. Minidumps are not enabled by default on client versions of Windows
#

---------------  S U M M A R Y ------------

Command Line: -ea -Dfile.encoding=Cp1252 -XX:+ShowCodeDetailsInExceptionMessages org.testng.remote.RemoteTestNG -serport 55631 -protocol json -d C:\Users\bhumika.dureja\eclipse-workspace\RestAssuredProject\test-output C:\Users\BHUMIK~1.DUR\AppData\Local\Temp\testng-eclipse--126961752\testng-customsuite.xml

Host: Intel(R) Core(TM) i7-8850H CPU @ 2.60GHz, 12 cores, 15G,  Windows 10 , 64 bit Build 19041 (10.0.19041.1706)
Time: Sat May 28 15:20:15 2022 AUS Eastern Standard Time elapsed time: 3.776552 seconds (0d 0h 0m 3s)

---------------  T H R E A D  ---------------

Current thread (0x00000268e6f1b280):  JavaThread "C2 CompilerThread1" daemon [_thread_in_native, id=21804, stack(0x000000eba6b00000,0x000000eba6c00000)]


Current CompileTask:
C2:   3777 3339       4       groovyjarjarantlr4.v4.runtime.atn.ParserATNSimulator::closure (784 bytes)

Stack: [0x000000eba6b00000,0x000000eba6c00000]
Native frames: (J=compiled Java code, j=interpreted, Vv=VM code, C=native code)
V  [jvm.dll+0x6744da]
V  [jvm.dll+0x82e144]
V  [jvm.dll+0x82f8ee]
V  [jvm.dll+0x82ff53]
V  [jvm.dll+0x245175]
V  [jvm.dll+0xab85b]
V  [jvm.dll+0xabdec]
V  [jvm.dll+0x362f07]
V  [jvm.dll+0x1bb698]
V  [jvm.dll+0x218189]
V  [jvm.dll+0x217451]
V  [jvm.dll+0x1a355d]
V  [jvm.dll+0x226e38]
V  [jvm.dll+0x224f7c]
V  [jvm.dll+0x7e3f5b]
V  [jvm.dll+0x7de51a]
V  [jvm.dll+0x673305]
C  [ucrtbase.dll+0x21bb2]
C  [KERNEL32.DLL+0x17034]
C  [ntdll.dll+0x52651]


---------------  P R O C E S S  ---------------

Threads class SMR info:
_java_thread_list=0x00000268e8be0ef0, length=14, elements={
0x00000268c7142e40, 0x00000268e6c097b0, 0x00000268e6c0a7b0, 0x00000268e6c54170,
0x00000268e6c57f40, 0x00000268e6c59900, 0x00000268e6c26cc0, 0x00000268e6c2adb0,
0x00000268e6c2b7a0, 0x00000268e6c2d890, 0x00000268e6dee010, 0x00000268e6dfbaa0,
0x00000268e6f1b280, 0x00000268e773a340
}

Java Threads: ( => current thread )
  0x00000268c7142e40 JavaThread "main" [_thread_in_native, id=2232, stack(0x000000eba5800000,0x000000eba5900000)]
  0x00000268e6c097b0 JavaThread "Reference Handler" daemon [_thread_blocked, id=20524, stack(0x000000eba5f00000,0x000000eba6000000)]
  0x00000268e6c0a7b0 JavaThread "Finalizer" daemon [_thread_blocked, id=4368, stack(0x000000eba6000000,0x000000eba6100000)]
  0x00000268e6c54170 JavaThread "Signal Dispatcher" daemon [_thread_blocked, id=8464, stack(0x000000eba6100000,0x000000eba6200000)]
  0x00000268e6c57f40 JavaThread "Attach Listener" daemon [_thread_blocked, id=21716, stack(0x000000eba6200000,0x000000eba6300000)]
  0x00000268e6c59900 JavaThread "Service Thread" daemon [_thread_blocked, id=2484, stack(0x000000eba6300000,0x000000eba6400000)]
  0x00000268e6c26cc0 JavaThread "Monitor Deflation Thread" daemon [_thread_blocked, id=16144, stack(0x000000eba6400000,0x000000eba6500000)]
  0x00000268e6c2adb0 JavaThread "C2 CompilerThread0" daemon [_thread_in_native, id=20396, stack(0x000000eba6500000,0x000000eba6600000)]
  0x00000268e6c2b7a0 JavaThread "C1 CompilerThread0" daemon [_thread_blocked, id=10436, stack(0x000000eba6600000,0x000000eba6700000)]
  0x00000268e6c2d890 JavaThread "Sweeper thread" daemon [_thread_blocked, id=20292, stack(0x000000eba6700000,0x000000eba6800000)]
  0x00000268e6dee010 JavaThread "Notification Thread" daemon [_thread_blocked, id=15436, stack(0x000000eba6800000,0x000000eba6900000)]
  0x00000268e6dfbaa0 JavaThread "Common-Cleaner" daemon [_thread_blocked, id=12916, stack(0x000000eba6a00000,0x000000eba6b00000)]
=>0x00000268e6f1b280 JavaThread "C2 CompilerThread1" daemon [_thread_in_native, id=21804, stack(0x000000eba6b00000,0x000000eba6c00000)]
  0x00000268e773a340 JavaThread "Keep-Alive-Timer" daemon [_thread_blocked, id=14136, stack(0x000000eba7500000,0x000000eba7600000)]

Other Threads:
  0x00000268e6c05880 VMThread "VM Thread" [stack: 0x000000eba5e00000,0x000000eba5f00000] [id=25628]
  0x00000268e6df1510 WatcherThread [stack: 0x000000eba6900000,0x000000eba6a00000] [id=3216]
  0x00000268c7194610 GCTaskThread "GC Thread#0" [stack: 0x000000eba5900000,0x000000eba5a00000] [id=20096]
  0x00000268e77f3330 GCTaskThread "GC Thread#1" [stack: 0x000000eba6e00000,0x000000eba6f00000] [id=22796]
  0x00000268e77f35e0 GCTaskThread "GC Thread#2" [stack: 0x000000eba6f00000,0x000000eba7000000] [id=19200]
  0x00000268e77f3890 GCTaskThread "GC Thread#3" [stack: 0x000000eba7000000,0x000000eba7100000] [id=25864]
  0x00000268e77f3b40 GCTaskThread "GC Thread#4" [stack: 0x000000eba7100000,0x000000eba7200000] [id=26168]
  0x00000268e77b4f30 GCTaskThread "GC Thread#5" [stack: 0x000000eba7200000,0x000000eba7300000] [id=15968]
  0x00000268e842b020 GCTaskThread "GC Thread#6" [stack: 0x000000eba7300000,0x000000eba7400000] [id=18516]
  0x00000268e8470ca0 GCTaskThread "GC Thread#7" [stack: 0x000000eba7400000,0x000000eba7500000] [id=22588]
  0x00000268e865ad90 GCTaskThread "GC Thread#8" [stack: 0x000000eba7600000,0x000000eba7700000] [id=13556]
  0x00000268e865f130 GCTaskThread "GC Thread#9" [stack: 0x000000eba7700000,0x000000eba7800000] [id=520]
  0x00000268c71a6b50 ConcurrentGCThread "G1 Main Marker" [stack: 0x000000eba5a00000,0x000000eba5b00000] [id=22872]
  0x00000268c71a7560 ConcurrentGCThread "G1 Conc#0" [stack: 0x000000eba5b00000,0x000000eba5c00000] [id=11928]
  0x00000268e842ac10 ConcurrentGCThread "G1 Conc#1" [stack: 0x000000eba7800000,0x000000eba7900000] [id=23400]
  0x00000268e84be6d0 ConcurrentGCThread "G1 Conc#2" [stack: 0x000000eba7900000,0x000000eba7a00000] [id=12172]
  0x00000268e5fb30e0 ConcurrentGCThread "G1 Refine#0" [stack: 0x000000eba5c00000,0x000000eba5d00000] [id=25068]
  0x00000268e5fb3b00 ConcurrentGCThread "G1 Service" [stack: 0x000000eba5d00000,0x000000eba5e00000] [id=21044]

Threads with active compile tasks:
C2 CompilerThread0     3902 3389       4       groovyjarjarantlr4.v4.runtime.atn.ParserATNSimulator::getEpsilonTarget (147 bytes)
C2 CompilerThread1     3903 3339       4       groovyjarjarantlr4.v4.runtime.atn.ParserATNSimulator::closure (784 bytes)

VM state: not at safepoint (normal execution)

VM Mutex/Monitor currently owned by a thread: None

Heap address: 0x0000000701a00000, size: 4070 MB, Compressed Oops mode: Zero based, Oop shift amount: 3

CDS archive(s) not mapped
Compressed class space mapped at: 0x0000000800000000-0x0000000840000000, reserved size: 1073741824
Narrow klass base: 0x0000000800000000, Narrow klass shift: 0, Narrow klass range: 0x40000000

GC Precious Log:
 CPUs: 12 total, 12 available
 Memory: 16278M
 Large Page Support: Disabled
 NUMA Support: Disabled
 Compressed Oops: Enabled (Zero based)
 Heap Region Size: 2M
 Heap Min Capacity: 8M
 Heap Initial Capacity: 256M
 Heap Max Capacity: 4070M
 Pre-touch: Disabled
 Parallel Workers: 10
 Concurrent Workers: 3
 Concurrent Refinement Workers: 10
 Periodic GC: Disabled

Heap:
 garbage-first heap   total 90112K, used 27943K [0x0000000701a00000, 0x0000000800000000)
  region size 2048K, 4 young (8192K), 1 survivors (2048K)
 Metaspace       used 36293K, committed 36864K, reserved 1089536K
  class space    used 4191K, committed 4416K, reserved 1048576K

Heap Regions: E=young(eden), S=young(survivor), O=old, HS=humongous(starts), HC=humongous(continues), CS=collection set, F=free, OA=open archive, CA=closed archive, TAMS=top-at-mark-start (previous, next)
|   0|0x0000000701a00000, 0x0000000701c00000, 0x0000000701c00000|100%| O|  |TAMS 0x0000000701c00000, 0x0000000701a00000| Untracked 
|   1|0x0000000701c00000, 0x0000000701e00000, 0x0000000701e00000|100%| O|  |TAMS 0x0000000701e00000, 0x0000000701c00000| Untracked 
|   2|0x0000000701e00000, 0x0000000702000000, 0x0000000702000000|100%| O|  |TAMS 0x0000000701f9a000, 0x0000000701e00000| Untracked 
|   3|0x0000000702000000, 0x0000000702200000, 0x0000000702200000|100%| O|  |TAMS 0x0000000702200000, 0x0000000702000000| Untracked 
|   4|0x0000000702200000, 0x0000000702400000, 0x0000000702400000|100%| O|  |TAMS 0x0000000702400000, 0x0000000702200000| Untracked 
|   5|0x0000000702400000, 0x0000000702600000, 0x0000000702600000|100%| O|  |TAMS 0x0000000702600000, 0x0000000702400000| Untracked 
|   6|0x0000000702600000, 0x0000000702800000, 0x0000000702800000|100%| O|  |TAMS 0x0000000702800000, 0x0000000702600000| Untracked 
|   7|0x0000000702800000, 0x0000000702a00000, 0x0000000702a00000|100%| O|  |TAMS 0x0000000702800000, 0x0000000702800000| Untracked 
|   8|0x0000000702a00000, 0x0000000702c00000, 0x0000000702c00000|100%| O|  |TAMS 0x0000000702a00000, 0x0000000702a00000| Untracked 
|   9|0x0000000702c00000, 0x0000000702e00000, 0x0000000702e00000|100%| O|  |TAMS 0x0000000702c00000, 0x0000000702c00000| Untracked 
|  10|0x0000000702e00000, 0x0000000702fac400, 0x0000000703000000| 83%| O|  |TAMS 0x0000000702e00000, 0x0000000702e00000| Untracked 
|  11|0x0000000703000000, 0x0000000703000000, 0x0000000703200000|  0%| F|  |TAMS 0x0000000703000000, 0x0000000703000000| Untracked 
|  12|0x0000000703200000, 0x0000000703200000, 0x0000000703400000|  0%| F|  |TAMS 0x0000000703200000, 0x0000000703200000| Untracked 
|  13|0x0000000703400000, 0x0000000703400000, 0x0000000703600000|  0%| F|  |TAMS 0x0000000703400000, 0x0000000703400000| Untracked 
|  14|0x0000000703600000, 0x0000000703600000, 0x0000000703800000|  0%| F|  |TAMS 0x0000000703600000, 0x0000000703600000| Untracked 
|  15|0x0000000703800000, 0x0000000703800000, 0x0000000703a00000|  0%| F|  |TAMS 0x0000000703800000, 0x0000000703800000| Untracked 
|  16|0x0000000703a00000, 0x0000000703a00000, 0x0000000703c00000|  0%| F|  |TAMS 0x0000000703a00000, 0x0000000703a00000| Untracked 
|  17|0x0000000703c00000, 0x0000000703c00000, 0x0000000703e00000|  0%| F|  |TAMS 0x0000000703c00000, 0x0000000703c00000| Untracked 
|  18|0x0000000703e00000, 0x0000000703e00000, 0x0000000704000000|  0%| F|  |TAMS 0x0000000703e00000, 0x0000000703e00000| Untracked 
|  19|0x0000000704000000, 0x0000000704000000, 0x0000000704200000|  0%| F|  |TAMS 0x0000000704000000, 0x0000000704000000| Untracked 
|  20|0x0000000704200000, 0x0000000704200000, 0x0000000704400000|  0%| F|  |TAMS 0x0000000704200000, 0x0000000704200000| Untracked 
|  21|0x0000000704400000, 0x0000000704400000, 0x0000000704600000|  0%| F|  |TAMS 0x0000000704400000, 0x0000000704400000| Untracked 
|  22|0x0000000704600000, 0x0000000704600000, 0x0000000704800000|  0%| F|  |TAMS 0x0000000704600000, 0x0000000704600000| Untracked 
|  23|0x0000000704800000, 0x0000000704800000, 0x0000000704a00000|  0%| F|  |TAMS 0x0000000704800000, 0x0000000704800000| Untracked 
|  24|0x0000000704a00000, 0x0000000704a00000, 0x0000000704c00000|  0%| F|  |TAMS 0x0000000704a00000, 0x0000000704a00000| Untracked 
|  25|0x0000000704c00000, 0x0000000704c00000, 0x0000000704e00000|  0%| F|  |TAMS 0x0000000704c00000, 0x0000000704c00000| Untracked 
|  26|0x0000000704e00000, 0x0000000704e00000, 0x0000000705000000|  0%| F|  |TAMS 0x0000000704e00000, 0x0000000704e00000| Untracked 
|  27|0x0000000705000000, 0x0000000705000000, 0x0000000705200000|  0%| F|  |TAMS 0x0000000705000000, 0x0000000705000000| Untracked 
|  28|0x0000000705200000, 0x0000000705200000, 0x0000000705400000|  0%| F|  |TAMS 0x0000000705200000, 0x0000000705200000| Untracked 
|  29|0x0000000705400000, 0x0000000705400000, 0x0000000705600000|  0%| F|  |TAMS 0x0000000705400000, 0x0000000705400000| Untracked 
|  30|0x0000000705600000, 0x0000000705600000, 0x0000000705800000|  0%| F|  |TAMS 0x0000000705600000, 0x0000000705600000| Untracked 
|  31|0x0000000705800000, 0x0000000705800000, 0x0000000705a00000|  0%| F|  |TAMS 0x0000000705800000, 0x0000000705800000| Untracked 
|  32|0x0000000705a00000, 0x0000000705a00000, 0x0000000705c00000|  0%| F|  |TAMS 0x0000000705a00000, 0x0000000705a00000| Untracked 
|  33|0x0000000705c00000, 0x0000000705c00000, 0x0000000705e00000|  0%| F|  |TAMS 0x0000000705c00000, 0x0000000705c00000| Untracked 
|  34|0x0000000705e00000, 0x0000000705e00000, 0x0000000706000000|  0%| F|  |TAMS 0x0000000705e00000, 0x0000000705e00000| Untracked 
|  35|0x0000000706000000, 0x0000000706000000, 0x0000000706200000|  0%| F|  |TAMS 0x0000000706000000, 0x0000000706000000| Untracked 
|  36|0x0000000706200000, 0x0000000706200000, 0x0000000706400000|  0%| F|  |TAMS 0x0000000706200000, 0x0000000706200000| Untracked 
|  37|0x0000000706400000, 0x0000000706400000, 0x0000000706600000|  0%| F|  |TAMS 0x0000000706400000, 0x0000000706400000| Untracked 
|  38|0x0000000706600000, 0x0000000706600000, 0x0000000706800000|  0%| F|  |TAMS 0x0000000706600000, 0x0000000706600000| Untracked 
|  39|0x0000000706800000, 0x0000000706800000, 0x0000000706a00000|  0%| F|  |TAMS 0x0000000706800000, 0x0000000706800000| Untracked 
|  40|0x0000000706a00000, 0x0000000706bc8560, 0x0000000706c00000| 89%| E|  |TAMS 0x0000000706a00000, 0x0000000706a00000| Complete 
|  41|0x0000000706c00000, 0x0000000706e00000, 0x0000000706e00000|100%| E|CS|TAMS 0x0000000706c00000, 0x0000000706c00000| Complete 
|  64|0x0000000709a00000, 0x0000000709b9da70, 0x0000000709c00000| 80%| S|CS|TAMS 0x0000000709a00000, 0x0000000709a00000| Complete 
| 127|0x0000000711800000, 0x0000000711a00000, 0x0000000711a00000|100%| E|CS|TAMS 0x0000000711800000, 0x0000000711800000| Complete 

Card table byte_map: [0x00000268da550000,0x00000268dad50000] _byte_map_base: 0x00000268d6d43000

Marking Bits (Prev, Next): (CMBitMap*) 0x00000268c7195c30, (CMBitMap*) 0x00000268c7195c70
 Prev Bits: [0x00000268db550000, 0x00000268df4e8000)
 Next Bits: [0x00000268df4f0000, 0x00000268e3488000)

Polling page: 0x00000268c4f90000

Metaspace:

Usage:
  Non-class:     31.35 MB used.
      Class:      4.09 MB used.
       Both:     35.44 MB used.

Virtual space:
  Non-class space:       40.00 MB reserved,      31.69 MB ( 79%) committed,  5 nodes.
      Class space:        1.00 GB reserved,       4.31 MB ( <1%) committed,  1 nodes.
             Both:        1.04 GB reserved,      36.00 MB (  3%) committed. 

Chunk freelists:
   Non-Class:  3.98 MB
       Class:  3.64 MB
        Both:  7.62 MB

MaxMetaspaceSize: unlimited
CompressedClassSpaceSize: 1.00 GB
Initial GC threshold: 21.00 MB
Current GC threshold: 58.88 MB
CDS: off
MetaspaceReclaimPolicy: balanced
 - commit_granule_bytes: 65536.
 - commit_granule_words: 8192.
 - virtual_space_node_default_size: 1048576.
 - enlarge_chunks_in_place: 1.
 - new_chunks_are_fully_committed: 0.
 - uncommit_free_chunks: 1.
 - use_allocation_guard: 0.
 - handle_deallocations: 1.


Internal statistics:

num_allocs_failed_limit: 6.
num_arena_births: 372.
num_arena_deaths: 0.
num_vsnodes_births: 6.
num_vsnodes_deaths: 0.
num_space_committed: 576.
num_space_uncommitted: 0.
num_chunks_returned_to_freelist: 6.
num_chunks_taken_from_freelist: 1213.
num_chunk_merges: 3.
num_chunk_splits: 743.
num_chunks_enlarged: 443.
num_purges: 0.
num_inconsistent_stats: 0.

CodeHeap 'non-profiled nmethods': size=120000Kb used=1608Kb max_used=1608Kb free=118391Kb
 bounds [0x00000268d22c0000, 0x00000268d2530000, 0x00000268d97f0000]
CodeHeap 'profiled nmethods': size=120000Kb used=6873Kb max_used=6873Kb free=113126Kb
 bounds [0x00000268cad90000, 0x00000268cb450000, 0x00000268d22c0000]
CodeHeap 'non-nmethods': size=5760Kb used=2317Kb max_used=2399Kb free=3442Kb
 bounds [0x00000268ca7f0000, 0x00000268caa60000, 0x00000268cad90000]
 total_blobs=4392 nmethods=3571 adapters=733
 compilation: enabled
              stopped_count=0, restarted_count=0
 full_count=0

Compilation events (20 events):
Event: 3.765 Thread 0x00000268e6c2b7a0 nmethod 3548 0x00000268cb422e10 code [0x00000268cb422fc0, 0x00000268cb423188]
Event: 3.765 Thread 0x00000268e6c2b7a0 3549       2       sun.util.locale.LocaleUtils::isEmpty (19 bytes)
Event: 3.766 Thread 0x00000268e6c2b7a0 nmethod 3549 0x00000268cb423290 code [0x00000268cb423420, 0x00000268cb423548]
Event: 3.766 Thread 0x00000268e6c2b7a0 3551       2       sun.util.locale.BaseLocale::<init> (76 bytes)
Event: 3.766 Thread 0x00000268e6c2b7a0 nmethod 3551 0x00000268cb423610 code [0x00000268cb423820, 0x00000268cb423d68]
Event: 3.766 Thread 0x00000268e6c2b7a0 3550       2       sun.util.locale.BaseLocale$Key::normalize (67 bytes)
Event: 3.766 Thread 0x00000268e6c2b7a0 nmethod 3550 0x00000268cb423f90 code [0x00000268cb424140, 0x00000268cb424328]
Event: 3.766 Thread 0x00000268e6c2b7a0 3554       2       java.util.Locale::<init> (15 bytes)
Event: 3.766 Thread 0x00000268e6c2b7a0 nmethod 3554 0x00000268cb424410 code [0x00000268cb4245a0, 0x00000268cb424778]
Event: 3.766 Thread 0x00000268e6c2b7a0 3555       2       sun.util.locale.BaseLocale$Key::getBaseLocale (25 bytes)
Event: 3.767 Thread 0x00000268e6c2b7a0 nmethod 3555 0x00000268cb424810 code [0x00000268cb4249c0, 0x00000268cb424b68]
Event: 3.767 Thread 0x00000268e6c2b7a0 3542       1       sun.util.locale.LanguageTag::getRegion (5 bytes)
Event: 3.767 Thread 0x00000268e6c2b7a0 nmethod 3542 0x00000268d243c690 code [0x00000268d243c820, 0x00000268d243c8f8]
Event: 3.767 Thread 0x00000268e6c2b7a0 3543       1       sun.util.locale.LanguageTag::getPrivateuse (5 bytes)
Event: 3.767 Thread 0x00000268e6c2b7a0 nmethod 3543 0x00000268d243c990 code [0x00000268d243cb20, 0x00000268d243cbf8]
Event: 3.767 Thread 0x00000268e6c2b7a0 3556       2       java.util.Locale::forLanguageTag (74 bytes)
Event: 3.767 Thread 0x00000268e6c2b7a0 nmethod 3556 0x00000268cb424c90 code [0x00000268cb424ea0, 0x00000268cb4252f8]
Event: 3.767 Thread 0x00000268e6c2b7a0 3568       2       sun.util.locale.LocaleUtils::toTitleString (139 bytes)
Event: 3.769 Thread 0x00000268e6c2b7a0 nmethod 3568 0x00000268cb425510 code [0x00000268cb425740, 0x00000268cb426068]
Event: 3.769 Thread 0x00000268e6c2b7a0 3561       2       java.util.Locale::getInstance (55 bytes)

GC Heap History (18 events):
Event: 1.099 GC heap before
{Heap before GC invocations=0 (full 0):
 garbage-first heap   total 262144K, used 20480K [0x0000000701a00000, 0x0000000800000000)
  region size 2048K, 11 young (22528K), 0 survivors (0K)
 Metaspace       used 16694K, committed 16896K, reserved 1064960K
  class space    used 1701K, committed 1792K, reserved 1048576K
}
Event: 1.106 GC heap after
{Heap after GC invocations=1 (full 0):
 garbage-first heap   total 262144K, used 5618K [0x0000000701a00000, 0x0000000800000000)
  region size 2048K, 2 young (4096K), 2 survivors (4096K)
 Metaspace       used 16694K, committed 16896K, reserved 1064960K
  class space    used 1701K, committed 1792K, reserved 1048576K
}
Event: 1.641 GC heap before
{Heap before GC invocations=1 (full 0):
 garbage-first heap   total 262144K, used 19954K [0x0000000701a00000, 0x0000000800000000)
  region size 2048K, 10 young (20480K), 2 survivors (4096K)
 Metaspace       used 21336K, committed 21504K, reserved 1073152K
  class space    used 2227K, committed 2304K, reserved 1048576K
}
Event: 1.644 GC heap after
{Heap after GC invocations=2 (full 0):
 garbage-first heap   total 262144K, used 7182K [0x0000000701a00000, 0x0000000800000000)
  region size 2048K, 1 young (2048K), 1 survivors (2048K)
 Metaspace       used 21336K, committed 21504K, reserved 1073152K
  class space    used 2227K, committed 2304K, reserved 1048576K
}
Event: 1.958 GC heap before
{Heap before GC invocations=3 (full 0):
 garbage-first heap   total 34816K, used 19470K [0x0000000701a00000, 0x0000000800000000)
  region size 2048K, 9 young (18432K), 1 survivors (2048K)
 Metaspace       used 24616K, committed 24896K, reserved 1073152K
  class space    used 2557K, committed 2688K, reserved 1048576K
}
Event: 1.961 GC heap after
{Heap after GC invocations=4 (full 0):
 garbage-first heap   total 34816K, used 8938K [0x0000000701a00000, 0x0000000800000000)
  region size 2048K, 2 young (4096K), 2 survivors (4096K)
 Metaspace       used 24616K, committed 24896K, reserved 1073152K
  class space    used 2557K, committed 2688K, reserved 1048576K
}
Event: 1.975 GC heap before
{Heap before GC invocations=4 (full 0):
 garbage-first heap   total 34816K, used 10986K [0x0000000701a00000, 0x0000000800000000)
  region size 2048K, 3 young (6144K), 2 survivors (4096K)
 Metaspace       used 24629K, committed 24896K, reserved 1073152K
  class space    used 2557K, committed 2688K, reserved 1048576K
}
Event: 1.979 GC heap after
{Heap after GC invocations=5 (full 0):
 garbage-first heap   total 34816K, used 9162K [0x0000000701a00000, 0x0000000800000000)
  region size 2048K, 1 young (2048K), 1 survivors (2048K)
 Metaspace       used 24629K, committed 24896K, reserved 1073152K
  class space    used 2557K, committed 2688K, reserved 1048576K
}
Event: 2.115 GC heap before
{Heap before GC invocations=5 (full 0):
 garbage-first heap   total 34816K, used 19402K [0x0000000701a00000, 0x0000000800000000)
  region size 2048K, 6 young (12288K), 1 survivors (2048K)
 Metaspace       used 25116K, committed 25280K, reserved 1073152K
  class space    used 2607K, committed 2688K, reserved 1048576K
}
Event: 2.117 GC heap after
{Heap after GC invocations=6 (full 0):
 garbage-first heap   total 34816K, used 11824K [0x0000000701a00000, 0x0000000800000000)
  region size 2048K, 1 young (2048K), 1 survivors (2048K)
 Metaspace       used 25116K, committed 25280K, reserved 1073152K
  class space    used 2607K, committed 2688K, reserved 1048576K
}
Event: 2.330 GC heap before
{Heap before GC invocations=6 (full 0):
 garbage-first heap   total 34816K, used 22064K [0x0000000701a00000, 0x0000000800000000)
  region size 2048K, 6 young (12288K), 1 survivors (2048K)
 Metaspace       used 26977K, committed 27264K, reserved 1081344K
  class space    used 2748K, committed 2880K, reserved 1048576K
}
Event: 2.333 GC heap after
{Heap after GC invocations=7 (full 0):
 garbage-first heap   total 34816K, used 13681K [0x0000000701a00000, 0x0000000800000000)
  region size 2048K, 1 young (2048K), 1 survivors (2048K)
 Metaspace       used 26977K, committed 27264K, reserved 1081344K
  class space    used 2748K, committed 2880K, reserved 1048576K
}
Event: 2.569 GC heap before
{Heap before GC invocations=7 (full 0):
 garbage-first heap   total 34816K, used 23921K [0x0000000701a00000, 0x0000000800000000)
  region size 2048K, 6 young (12288K), 1 survivors (2048K)
 Metaspace       used 27754K, committed 28032K, reserved 1081344K
  class space    used 2868K, committed 3008K, reserved 1048576K
}
Event: 2.572 GC heap after
{Heap after GC invocations=8 (full 0):
 garbage-first heap   total 149504K, used 15976K [0x0000000701a00000, 0x0000000800000000)
  region size 2048K, 1 young (2048K), 1 survivors (2048K)
 Metaspace       used 27754K, committed 28032K, reserved 1081344K
  class space    used 2868K, committed 3008K, reserved 1048576K
}
Event: 3.390 GC heap before
{Heap before GC invocations=8 (full 0):
 garbage-first heap   total 149504K, used 87656K [0x0000000701a00000, 0x0000000800000000)
  region size 2048K, 36 young (73728K), 1 survivors (2048K)
 Metaspace       used 32870K, committed 33344K, reserved 1081344K
  class space    used 3779K, committed 3968K, reserved 1048576K
}
Event: 3.397 GC heap after
{Heap after GC invocations=9 (full 0):
 garbage-first heap   total 149504K, used 22494K [0x0000000701a00000, 0x0000000800000000)
  region size 2048K, 5 young (10240K), 5 survivors (10240K)
 Metaspace       used 32870K, committed 33344K, reserved 1081344K
  class space    used 3779K, committed 3968K, reserved 1048576K
}
Event: 3.709 GC heap before
{Heap before GC invocations=9 (full 0):
 garbage-first heap   total 149504K, used 36830K [0x0000000701a00000, 0x0000000800000000)
  region size 2048K, 13 young (26624K), 5 survivors (10240K)
 Metaspace       used 35412K, committed 35968K, reserved 1081344K
  class space    used 4098K, committed 4352K, reserved 1048576K
}
Event: 3.717 GC heap after
{Heap after GC invocations=10 (full 0):
 garbage-first heap   total 149504K, used 23847K [0x0000000701a00000, 0x0000000800000000)
  region size 2048K, 1 young (2048K), 1 survivors (2048K)
 Metaspace       used 35412K, committed 35968K, reserved 1081344K
  class space    used 4098K, committed 4352K, reserved 1048576K
}

Deoptimization events (20 events):
Event: 3.526 Thread 0x00000268c7142e40 DEOPT PACKING pc=0x00000268cb136cfc sp=0x000000eba58fb1c0
Event: 3.526 Thread 0x00000268c7142e40 DEOPT UNPACKING pc=0x00000268ca842b43 sp=0x000000eba58fa670 mode 0
Event: 3.555 Thread 0x00000268c7142e40 Uncommon trap: trap_request=0xffffff45 fr.pc=0x00000268d2415fe8 relative=0x0000000000000b88
Event: 3.555 Thread 0x00000268c7142e40 Uncommon trap: reason=unstable_if action=reinterpret pc=0x00000268d2415fe8 method=jdk.internal.loader.BuiltinClassLoader.findLoadedModule(Ljava/lang/String;)Ljdk/internal/loader/BuiltinClassLoader$LoadedModule; @ 8 c2
Event: 3.555 Thread 0x00000268c7142e40 DEOPT PACKING pc=0x00000268d2415fe8 sp=0x000000eba58fa3b0
Event: 3.555 Thread 0x00000268c7142e40 DEOPT UNPACKING pc=0x00000268ca8423a3 sp=0x000000eba58fa370 mode 2
Event: 3.674 Thread 0x00000268c7142e40 Uncommon trap: trap_request=0xffffff45 fr.pc=0x00000268d240737c relative=0x000000000000043c
Event: 3.674 Thread 0x00000268c7142e40 Uncommon trap: reason=unstable_if action=reinterpret pc=0x00000268d240737c method=groovyjarjarasm.asm.Frame.execute(IILgroovyjarjarasm/asm/Symbol;Lgroovyjarjarasm/asm/SymbolTable;)V @ 1 c2
Event: 3.674 Thread 0x00000268c7142e40 DEOPT PACKING pc=0x00000268d240737c sp=0x000000eba58fafc0
Event: 3.674 Thread 0x00000268c7142e40 DEOPT UNPACKING pc=0x00000268ca8423a3 sp=0x000000eba58faf78 mode 2
Event: 3.680 Thread 0x00000268c7142e40 Uncommon trap: trap_request=0xffffff45 fr.pc=0x00000268d23ef39c relative=0x000000000000009c
Event: 3.680 Thread 0x00000268c7142e40 Uncommon trap: reason=unstable_if action=reinterpret pc=0x00000268d23ef39c method=groovyjarjarasm.asm.Frame.merge(Lgroovyjarjarasm/asm/SymbolTable;I[II)Z @ 41 c2
Event: 3.680 Thread 0x00000268c7142e40 DEOPT PACKING pc=0x00000268d23ef39c sp=0x000000eba58fb3a0
Event: 3.680 Thread 0x00000268c7142e40 DEOPT UNPACKING pc=0x00000268ca8423a3 sp=0x000000eba58fb308 mode 2
Event: 3.695 Thread 0x00000268e76400d0 DEOPT PACKING pc=0x00000268cadf5d3c sp=0x000000eba6dff510
Event: 3.695 Thread 0x00000268e76400d0 DEOPT UNPACKING pc=0x00000268ca842b43 sp=0x000000eba6dfea10 mode 0
Event: 3.741 Thread 0x00000268c7142e40 Uncommon trap: trap_request=0xffffff45 fr.pc=0x00000268d2380f88 relative=0x0000000000000088
Event: 3.741 Thread 0x00000268c7142e40 Uncommon trap: reason=unstable_if action=reinterpret pc=0x00000268d2380f88 method=java.lang.String.codePointAt(I)I @ 4 c2
Event: 3.741 Thread 0x00000268c7142e40 DEOPT PACKING pc=0x00000268d2380f88 sp=0x000000eba58fe1a0
Event: 3.741 Thread 0x00000268c7142e40 DEOPT UNPACKING pc=0x00000268ca8423a3 sp=0x000000eba58fe138 mode 2

Classes unloaded (0 events):
No events

Classes redefined (0 events):
No events

Internal exceptions (20 events):
Event: 3.203 Thread 0x00000268c7142e40 Exception <a 'java/lang/ClassNotFoundException'{0x0000000706f962a0}: [Lio/restassured/internal/common/assertion/PathFragmentEscaper;Customizer> (0x0000000706f962a0) 
thrown [e:\jenkins\tmp\workspace\build\src\src\hotspot\share\prims\jni.cpp, line 535]
Event: 3.203 Thread 0x00000268c7142e40 Exception <a 'java/lang/ClassNotFoundException'{0x0000000706f96b38}: [Lio/restassured/internal/common/assertion/PathFragmentEscaper;Customizer> (0x0000000706f96b38) 
thrown [e:\jenkins\tmp\workspace\build\src\src\hotspot\share\prims\jni.cpp, line 535]
Event: 3.206 Thread 0x00000268c7142e40 Exception <a 'java/lang/ClassNotFoundException'{0x0000000706fc3018}: java/lang/CharacterBeanInfo> (0x0000000706fc3018) 
thrown [e:\jenkins\tmp\workspace\build\src\src\hotspot\share\classfile\systemDictionary.cpp, line 256]
Event: 3.206 Thread 0x00000268c7142e40 Exception <a 'java/lang/ClassNotFoundException'{0x0000000706fc4260}: java/lang/CharacterCustomizer> (0x0000000706fc4260) 
thrown [e:\jenkins\tmp\workspace\build\src\src\hotspot\share\classfile\systemDictionary.cpp, line 256]
Event: 3.211 Thread 0x00000268c7142e40 Exception <a 'java/lang/ClassNotFoundException'{0x0000000706c144f8}: org/apache/commons/lang3/math/NumberUtilsBeanInfo> (0x0000000706c144f8) 
thrown [e:\jenkins\tmp\workspace\build\src\src\hotspot\share\classfile\systemDictionary.cpp, line 256]
Event: 3.212 Thread 0x00000268c7142e40 Exception <a 'java/lang/ClassNotFoundException'{0x0000000706c18848}: org/apache/commons/lang3/math/NumberUtilsCustomizer> (0x0000000706c18848) 
thrown [e:\jenkins\tmp\workspace\build\src\src\hotspot\share\classfile\systemDictionary.cpp, line 256]
Event: 3.220 Thread 0x00000268c7142e40 Exception <a 'java/lang/ClassNotFoundException'{0x0000000706cadc50}: groovy/lang/BindingBeanInfo> (0x0000000706cadc50) 
thrown [e:\jenkins\tmp\workspace\build\src\src\hotspot\share\classfile\systemDictionary.cpp, line 256]
Event: 3.220 Thread 0x00000268c7142e40 Exception <a 'java/lang/ClassNotFoundException'{0x0000000706cbd938}: groovy/lang/BindingCustomizer> (0x0000000706cbd938) 
thrown [e:\jenkins\tmp\workspace\build\src\src\hotspot\share\classfile\systemDictionary.cpp, line 256]
Event: 3.225 Thread 0x00000268c7142e40 Exception <a 'java/lang/ClassNotFoundException'{0x0000000706cefd58}: groovy/lang/GroovyShellBeanInfo> (0x0000000706cefd58) 
thrown [e:\jenkins\tmp\workspace\build\src\src\hotspot\share\classfile\systemDictionary.cpp, line 256]
Event: 3.225 Thread 0x00000268c7142e40 Exception <a 'java/lang/ClassNotFoundException'{0x0000000706cffaf8}: groovy/lang/GroovyShellCustomizer> (0x0000000706cffaf8) 
thrown [e:\jenkins\tmp\workspace\build\src\src\hotspot\share\classfile\systemDictionary.cpp, line 256]
Event: 3.237 Thread 0x00000268c7142e40 Exception <a 'java/lang/NoSuchMethodError'{0x0000000706d75f18}: 'void java.lang.invoke.DirectMethodHandle$Holder.invokeVirtual(java.lang.Object, java.lang.Object)'> (0x0000000706d75f18) 
thrown [e:\jenkins\tmp\workspace\build\src\src\hotspot\share\interpreter\linkResolver.cpp, line 766]
Event: 3.238 Thread 0x00000268c7142e40 Exception <a 'java/lang/NoSuchMethodError'{0x0000000706d7e580}: 'void java.lang.invoke.DirectMethodHandle$Holder.invokeSpecial(java.lang.Object, java.lang.Object, java.lang.Object, java.lang.Object, java.lang.Object)'> (0x0000000706d7e580) 
thrown [e:\jenkins\tmp\workspace\build\src\src\hotspot\share\interpreter\linkResolver.cpp, line 766]
Event: 3.250 Thread 0x00000268c7142e40 Exception <a 'java/lang/NoSuchMethodError'{0x0000000706df0328}: 'void java.lang.invoke.DirectMethodHandle$Holder.invokeStatic(java.lang.Object, java.lang.Object, java.lang.Object, java.lang.Object, java.lang.Object, java.lang.Object)'> (0x0000000706df0328) 
thrown [e:\jenkins\tmp\workspace\build\src\src\hotspot\share\interpreter\linkResolver.cpp, line 766]
Event: 3.389 Thread 0x00000268c7142e40 Implicit null exception at 0x00000268d235cdd3 to 0x00000268d235d160
Event: 3.546 Thread 0x00000268c7142e40 Exception <a 'java/lang/NoSuchMethodError'{0x000000070a25f430}: 'void java.lang.invoke.DirectMethodHandle$Holder.invokeSpecialIFC(java.lang.Object, java.lang.Object, java.lang.Object)'> (0x000000070a25f430) 
thrown [e:\jenkins\tmp\workspace\build\src\src\hotspot\share\interpreter\linkResolver.cpp, line 766]
Event: 3.584 Thread 0x00000268c7142e40 Exception <a 'java/lang/NoSuchMethodError'{0x000000070a3d2fc0}: 'void java.lang.invoke.DirectMethodHandle$Holder.invokeSpecial(java.lang.Object, java.lang.Object, java.lang.Object, java.lang.Object, java.lang.Object, java.lang.Object)'> (0x000000070a3d2fc0) 
thrown [e:\jenkins\tmp\workspace\build\src\src\hotspot\share\interpreter\linkResolver.cpp, line 766]
Event: 3.688 Thread 0x00000268c7142e40 Exception <a 'java/lang/ClassNotFoundException'{0x0000000709f0ed90}: Script1BeanInfo> (0x0000000709f0ed90) 
thrown [e:\jenkins\tmp\workspace\build\src\src\hotspot\share\classfile\systemDictionary.cpp, line 256]
Event: 3.689 Thread 0x00000268c7142e40 Exception <a 'java/lang/ClassNotFoundException'{0x0000000709f1ea30}: groovy/lang/ScriptBeanInfo> (0x0000000709f1ea30) 
thrown [e:\jenkins\tmp\workspace\build\src\src\hotspot\share\classfile\systemDictionary.cpp, line 256]
Event: 3.689 Thread 0x00000268c7142e40 Exception <a 'java/lang/ClassNotFoundException'{0x0000000709f2e718}: groovy/lang/ScriptCustomizer> (0x0000000709f2e718) 
thrown [e:\jenkins\tmp\workspace\build\src\src\hotspot\share\classfile\systemDictionary.cpp, line 256]
Event: 3.690 Thread 0x00000268c7142e40 Exception <a 'java/lang/ClassNotFoundException'{0x0000000709f3b7f8}: Script1Customizer> (0x0000000709f3b7f8) 
thrown [e:\jenkins\tmp\workspace\build\src\src\hotspot\share\classfile\systemDictionary.cpp, line 256]

VM Operations (20 events):
Event: 3.367 Executing VM operation: HandshakeAllThreads
Event: 3.367 Executing VM operation: HandshakeAllThreads done
Event: 3.390 Executing VM operation: G1CollectForAllocation
Event: 3.397 Executing VM operation: G1CollectForAllocation done
Event: 3.464 Executing VM operation: HandshakeAllThreads
Event: 3.464 Executing VM operation: HandshakeAllThreads done
Event: 3.522 Executing VM operation: HandshakeAllThreads
Event: 3.522 Executing VM operation: HandshakeAllThreads done
Event: 3.526 Executing VM operation: ICBufferFull
Event: 3.526 Executing VM operation: ICBufferFull done
Event: 3.604 Executing VM operation: HandshakeAllThreads
Event: 3.604 Executing VM operation: HandshakeAllThreads done
Event: 3.605 Executing VM operation: HandshakeAllThreads
Event: 3.605 Executing VM operation: HandshakeAllThreads done
Event: 3.708 Executing VM operation: CollectForMetadataAllocation
Event: 3.717 Executing VM operation: CollectForMetadataAllocation done
Event: 3.729 Executing VM operation: G1Concurrent
Event: 3.732 Executing VM operation: G1Concurrent done
Event: 3.740 Executing VM operation: G1Concurrent
Event: 3.740 Executing VM operation: G1Concurrent done

Events (20 events):
Event: 3.751 loading class java/text/Format$Field done
Event: 3.751 loading class java/text/DateFormat$Field done
Event: 3.752 loading class sun/util/spi/CalendarProvider
Event: 3.752 loading class sun/util/spi/CalendarProvider done
Event: 3.752 loading class sun/util/locale/provider/CalendarProviderImpl
Event: 3.753 loading class sun/util/locale/provider/AvailableLanguageTags
Event: 3.753 loading class sun/util/locale/provider/AvailableLanguageTags done
Event: 3.753 loading class sun/util/locale/provider/CalendarProviderImpl done
Event: 3.753 loading class java/util/Calendar$Builder
Event: 3.754 loading class java/util/Calendar$Builder done
Event: 3.754 loading class sun/util/locale/provider/CalendarDataUtility
Event: 3.754 loading class sun/util/locale/provider/CalendarDataUtility done
Event: 3.754 loading class java/util/Locale$Builder
Event: 3.754 loading class java/util/Locale$Builder done
Event: 3.755 loading class sun/util/locale/provider/CalendarDataUtility$CalendarWeekParameterGetter
Event: 3.755 loading class sun/util/locale/provider/CalendarDataUtility$CalendarWeekParameterGetter done
Event: 3.755 loading class sun/util/cldr/CLDRCalendarDataProviderImpl
Event: 3.755 loading class sun/util/locale/provider/CalendarDataProviderImpl
Event: 3.755 loading class sun/util/locale/provider/CalendarDataProviderImpl done
Event: 3.755 loading class sun/util/cldr/CLDRCalendarDataProviderImpl done


Dynamic libraries:
0x00007ff70c490000 - 0x00007ff70c49e000 	C:\Users\bhumika.dureja\.p2\pool\plugins\org.eclipse.justj.openjdk.hotspot.jre.full.win32.x86_64_17.0.1.v20211116-1657\jre\bin\javaw.exe
0x00007ffc1de70000 - 0x00007ffc1e065000 	C:\Windows\SYSTEM32\ntdll.dll
0x00007ffc1dbd0000 - 0x00007ffc1dc8d000 	C:\Windows\System32\KERNEL32.DLL
0x00007ffc1d900000 - 0x00007ffc1dbcd000 	C:\Windows\System32\KERNELBASE.dll
0x00007ffc1b9a0000 - 0x00007ffc1baa0000 	C:\Windows\System32\ucrtbase.dll
0x00007ffc14010000 - 0x00007ffc14028000 	C:\Users\bhumika.dureja\.p2\pool\plugins\org.eclipse.justj.openjdk.hotspot.jre.full.win32.x86_64_17.0.1.v20211116-1657\jre\bin\jli.dll
0x00007ffc14120000 - 0x00007ffc14139000 	C:\Users\bhumika.dureja\.p2\pool\plugins\org.eclipse.justj.openjdk.hotspot.jre.full.win32.x86_64_17.0.1.v20211116-1657\jre\bin\VCRUNTIME140.dll
0x00007ffc1dc90000 - 0x00007ffc1de30000 	C:\Windows\System32\USER32.dll
0x00007ffc03470000 - 0x00007ffc0370a000 	C:\Windows\WinSxS\amd64_microsoft.windows.common-controls_6595b64144ccf1df_6.0.19041.1110_none_60b5254171f9507e\COMCTL32.dll
0x00007ffc1baa0000 - 0x00007ffc1bac2000 	C:\Windows\System32\win32u.dll
0x00007ffc1bd50000 - 0x00007ffc1bdee000 	C:\Windows\System32\msvcrt.dll
0x00007ffc1ce90000 - 0x00007ffc1ceba000 	C:\Windows\System32\GDI32.dll
0x00007ffc1b690000 - 0x00007ffc1b79b000 	C:\Windows\System32\gdi32full.dll
0x00007ffc1b5f0000 - 0x00007ffc1b68d000 	C:\Windows\System32\msvcp_win.dll
0x00007ffc1cc00000 - 0x00007ffc1cc30000 	C:\Windows\System32\IMM32.DLL
0x00007ffc17190000 - 0x00007ffc1719c000 	C:\Users\bhumika.dureja\.p2\pool\plugins\org.eclipse.justj.openjdk.hotspot.jre.full.win32.x86_64_17.0.1.v20211116-1657\jre\bin\vcruntime140_1.dll
0x00007ffbeb410000 - 0x00007ffbeb4a1000 	C:\Users\bhumika.dureja\.p2\pool\plugins\org.eclipse.justj.openjdk.hotspot.jre.full.win32.x86_64_17.0.1.v20211116-1657\jre\bin\msvcp140.dll
0x00007ffbaf980000 - 0x00007ffbb05c6000 	C:\Users\bhumika.dureja\.p2\pool\plugins\org.eclipse.justj.openjdk.hotspot.jre.full.win32.x86_64_17.0.1.v20211116-1657\jre\bin\server\jvm.dll
0x00007ffc1c7e0000 - 0x00007ffc1c88e000 	C:\Windows\System32\ADVAPI32.dll
0x00007ffc1d0b0000 - 0x00007ffc1d14c000 	C:\Windows\System32\sechost.dll
0x00007ffc1d7d0000 - 0x00007ffc1d8f5000 	C:\Windows\System32\RPCRT4.dll
0x00007ffc1c700000 - 0x00007ffc1c708000 	C:\Windows\System32\PSAPI.DLL
0x00007ffc10e00000 - 0x00007ffc10e27000 	C:\Windows\SYSTEM32\WINMM.dll
0x00007ffbe7270000 - 0x00007ffbe7279000 	C:\Windows\SYSTEM32\WSOCK32.dll
0x00007ffc12560000 - 0x00007ffc1256a000 	C:\Windows\SYSTEM32\VERSION.dll
0x00007ffc1cc30000 - 0x00007ffc1cc9b000 	C:\Windows\System32\WS2_32.dll
0x00007ffc19390000 - 0x00007ffc193a2000 	C:\Windows\SYSTEM32\kernel.appcore.dll
0x00007ffc162b0000 - 0x00007ffc162ba000 	C:\Users\bhumika.dureja\.p2\pool\plugins\org.eclipse.justj.openjdk.hotspot.jre.full.win32.x86_64_17.0.1.v20211116-1657\jre\bin\jimage.dll
0x00007ffc11b40000 - 0x00007ffc11d24000 	C:\Windows\SYSTEM32\DBGHELP.DLL
0x00007ffc093d0000 - 0x00007ffc093fc000 	C:\Windows\SYSTEM32\dbgcore.DLL
0x00007ffc1bb20000 - 0x00007ffc1bba2000 	C:\Windows\System32\bcryptPrimitives.dll
0x00007ffc141d0000 - 0x00007ffc141f5000 	C:\Users\bhumika.dureja\.p2\pool\plugins\org.eclipse.justj.openjdk.hotspot.jre.full.win32.x86_64_17.0.1.v20211116-1657\jre\bin\java.dll
0x00007ffc141b0000 - 0x00007ffc141c8000 	C:\Users\bhumika.dureja\.p2\pool\plugins\org.eclipse.justj.openjdk.hotspot.jre.full.win32.x86_64_17.0.1.v20211116-1657\jre\bin\zip.dll
0x00007ffc1bea0000 - 0x00007ffc1c5e4000 	C:\Windows\System32\SHELL32.dll
0x00007ffc19590000 - 0x00007ffc19d24000 	C:\Windows\SYSTEM32\windows.storage.dll
0x00007ffc1c890000 - 0x00007ffc1cbe4000 	C:\Windows\System32\combase.dll
0x00007ffc1afa0000 - 0x00007ffc1afcc000 	C:\Windows\SYSTEM32\Wldp.dll
0x00007ffc1c5f0000 - 0x00007ffc1c69d000 	C:\Windows\System32\SHCORE.dll
0x00007ffc1cec0000 - 0x00007ffc1cf15000 	C:\Windows\System32\shlwapi.dll
0x00007ffc1b480000 - 0x00007ffc1b49f000 	C:\Windows\SYSTEM32\profapi.dll
0x00007ffc14080000 - 0x00007ffc14099000 	C:\Users\bhumika.dureja\.p2\pool\plugins\org.eclipse.justj.openjdk.hotspot.jre.full.win32.x86_64_17.0.1.v20211116-1657\jre\bin\net.dll
0x00007ffc0de20000 - 0x00007ffc0df2a000 	C:\Windows\SYSTEM32\WINHTTP.dll
0x00007ffc1ac90000 - 0x00007ffc1acfa000 	C:\Windows\system32\mswsock.dll
0x00007ffc0bd30000 - 0x00007ffc0bd45000 	C:\Users\bhumika.dureja\.p2\pool\plugins\org.eclipse.justj.openjdk.hotspot.jre.full.win32.x86_64_17.0.1.v20211116-1657\jre\bin\nio.dll
0x00007ffc1a970000 - 0x00007ffc1aa3b000 	C:\Windows\SYSTEM32\DNSAPI.dll
0x00007ffc1a920000 - 0x00007ffc1a95b000 	C:\Windows\SYSTEM32\IPHLPAPI.DLL
0x00007ffc1d300000 - 0x00007ffc1d308000 	C:\Windows\System32\NSI.dll
0x00007ffc0d9d0000 - 0x00007ffc0d9da000 	C:\Windows\System32\rasadhlp.dll
0x00007ffc15a50000 - 0x00007ffc15ad0000 	C:\Windows\System32\fwpuclnt.dll
0x00007ffc1b7a0000 - 0x00007ffc1b7c7000 	C:\Windows\System32\bcrypt.dll
0x00007ffc15cd0000 - 0x00007ffc15cde000 	C:\Users\bhumika.dureja\.p2\pool\plugins\org.eclipse.justj.openjdk.hotspot.jre.full.win32.x86_64_17.0.1.v20211116-1657\jre\bin\sunmscapi.dll
0x00007ffc1b840000 - 0x00007ffc1b996000 	C:\Windows\System32\CRYPT32.dll
0x00007ffc1b010000 - 0x00007ffc1b037000 	C:\Windows\SYSTEM32\ncrypt.dll
0x00007ffc1afd0000 - 0x00007ffc1b00b000 	C:\Windows\SYSTEM32\NTASN1.dll
0x00007ffc1ae80000 - 0x00007ffc1ae98000 	C:\Windows\SYSTEM32\CRYPTSP.dll
0x00007ffc1a5b0000 - 0x00007ffc1a5e4000 	C:\Windows\system32\rsaenh.dll
0x00007ffc1b400000 - 0x00007ffc1b42e000 	C:\Windows\SYSTEM32\USERENV.dll
0x00007ffc1aea0000 - 0x00007ffc1aeac000 	C:\Windows\SYSTEM32\CRYPTBASE.dll
0x00007ffc15060000 - 0x00007ffc15077000 	C:\Windows\SYSTEM32\dhcpcsvc6.DLL
0x00007ffc15040000 - 0x00007ffc1505d000 	C:\Windows\SYSTEM32\dhcpcsvc.DLL
0x00007ffc162a0000 - 0x00007ffc162b0000 	C:\Users\bhumika.dureja\.p2\pool\plugins\org.eclipse.justj.openjdk.hotspot.jre.full.win32.x86_64_17.0.1.v20211116-1657\jre\bin\verify.dll
0x00007ffc07560000 - 0x00007ffc07577000 	C:\Windows\system32\napinsp.dll
0x00007ffc07540000 - 0x00007ffc0755b000 	C:\Windows\system32\pnrpnsp.dll
0x00007ffc161a0000 - 0x00007ffc161b5000 	C:\Windows\system32\wshbth.dll
0x00007ffc17030000 - 0x00007ffc1704d000 	C:\Windows\system32\NLAapi.dll
0x00007ffc074b0000 - 0x00007ffc074c2000 	C:\Windows\System32\winrnr.dll

dbghelp: loaded successfully - version: 4.0.5 - missing functions: none
symbol engine: initialized successfully - sym options: 0x614 - pdb path: .;C:\Users\bhumika.dureja\.p2\pool\plugins\org.eclipse.justj.openjdk.hotspot.jre.full.win32.x86_64_17.0.1.v20211116-1657\jre\bin;C:\Windows\SYSTEM32;C:\Windows\WinSxS\amd64_microsoft.windows.common-controls_6595b64144ccf1df_6.0.19041.1110_none_60b5254171f9507e;C:\Users\bhumika.dureja\.p2\pool\plugins\org.eclipse.justj.openjdk.hotspot.jre.full.win32.x86_64_17.0.1.v20211116-1657\jre\bin\server

VM Arguments:
jvm_args: -ea -Dfile.encoding=Cp1252 -XX:+ShowCodeDetailsInExceptionMessages 
java_command: org.testng.remote.RemoteTestNG -serport 55631 -protocol json -d C:\Users\bhumika.dureja\eclipse-workspace\RestAssuredProject\test-output C:\Users\BHUMIK~1.DUR\AppData\Local\Temp\testng-eclipse--126961752\testng-customsuite.xml
java_class_path (initial): C:\Users\bhumika.dureja\eclipse\java-2021-12\eclipse\configuration\org.eclipse.osgi\432\0\.cp\lib\testng-remote.jar;C:\Users\bhumika.dureja\eclipse-workspace\RestAssuredProject\target\test-classes;C:\Users\bhumika.dureja\eclipse-workspace\RestAssuredProject\target\classes;C:\Users\bhumika.dureja\.m2\repository\org\testng\testng\6.14.3\testng-6.14.3.jar;C:\Users\bhumika.dureja\.m2\repository\com\beust\jcommander\1.72\jcommander-1.72.jar;C:\Users\bhumika.dureja\.m2\repository\org\apache-extras\beanshell\bsh\2.0b6\bsh-2.0b6.jar;C:\Users\bhumika.dureja\.m2\repository\io\rest-assured\rest-assured\4.3.1\rest-assured-4.3.1.jar;C:\Users\bhumika.dureja\.m2\repository\org\codehaus\groovy\groovy\3.0.3\groovy-3.0.3.jar;C:\Users\bhumika.dureja\.m2\repository\org\codehaus\groovy\groovy-xml\3.0.3\groovy-xml-3.0.3.jar;C:\Users\bhumika.dureja\.m2\repository\org\apache\httpcomponents\httpclient\4.5.3\httpclient-4.5.3.jar;C:\Users\bhumika.dureja\.m2\repository\org\apache\httpcomponents\httpcore\4.4.6\httpcore-4.4.6.jar;C:\Users\bhumika.dureja\.m2\repository\commons-logging\commons-logging\1.2\commons-logging-1.2.jar;C:\Users\bhumika.dureja\.m2\repository\commons-codec\commons-codec\1.9\commons-codec-1.9.jar;C:\Users\bhumika.dureja\.m2\repository\org\apache\httpcomponents\httpmime\4.5.3\httpmime-4.5.3.jar;C:\Users\bhumika.dureja\.m2\repository\org\hamcrest\hamcrest\2.1\hamcrest-2.1.jar;C:\Users\bhumika.dureja\.m2\repository\org\ccil\cowan\tagsoup\tagsoup\1.2.1\tagsoup-1.2.1.jar;C:\Users\bhumika.dureja\.m2\repository\io\rest-assured\xml-path\4.3.1\xml-path-4.3.1.jar;C:\Users\bhumika.dureja\.m2\repository\org\apache\commons\commons-lang3\3.4\commons-lang3-3.4.jar;C:\Users\bhumika.dureja\.m2\repository\jakarta\xml\bind\jakarta.xml.bind-api\2.3.3\jakarta.xml.bind-api-2.3.3.jar;C:\Users\bhumika.dureja\.m2\repository\jakarta\activation\jakarta.activation-api\1.2.2\jakarta.activation-api-1.2.2.jar;C:\Users\bhumika.dureja\.m2\repository\com\sun\xml\bind\jaxb-impl\2
Launcher Type: SUN_STANDARD

[Global flags]
     intx CICompilerCount                          = 4                                         {product} {ergonomic}
     uint ConcGCThreads                            = 3                                         {product} {ergonomic}
     uint G1ConcRefinementThreads                  = 10                                        {product} {ergonomic}
   size_t G1HeapRegionSize                         = 2097152                                   {product} {ergonomic}
    uintx GCDrainStackTargetSize                   = 64                                        {product} {ergonomic}
   size_t InitialHeapSize                          = 268435456                                 {product} {ergonomic}
   size_t MarkStackSize                            = 4194304                                   {product} {ergonomic}
   size_t MaxHeapSize                              = 4267704320                                {product} {ergonomic}
   size_t MaxNewSize                               = 2560622592                                {product} {ergonomic}
   size_t MinHeapDeltaBytes                        = 2097152                                   {product} {ergonomic}
   size_t MinHeapSize                              = 8388608                                   {product} {ergonomic}
    uintx NonNMethodCodeHeapSize                   = 5839372                                {pd product} {ergonomic}
    uintx NonProfiledCodeHeapSize                  = 122909434                              {pd product} {ergonomic}
    uintx ProfiledCodeHeapSize                     = 122909434                              {pd product} {ergonomic}
    uintx ReservedCodeCacheSize                    = 251658240                              {pd product} {ergonomic}
     bool SegmentedCodeCache                       = true                                      {product} {ergonomic}
     bool ShowCodeDetailsInExceptionMessages       = true                                   {manageable} {command line}
   size_t SoftMaxHeapSize                          = 4267704320                             {manageable} {ergonomic}
     bool UseCompressedClassPointers               = true                           {product lp64_product} {ergonomic}
     bool UseCompressedOops                        = true                           {product lp64_product} {ergonomic}
     bool UseG1GC                                  = true                                      {product} {ergonomic}
     bool UseLargePagesIndividualAllocation        = false                                  {pd product} {ergonomic}

Logging:
Log output configuration:
 #0: stdout all=warning uptime,level,tags
 #1: stderr all=off uptime,level,tags

Environment Variables:
JAVA_HOME=C:\Program Files\Java\jdk1.8.0_321
PATH=C:/Users/bhumika.dureja/.p2/pool/plugins/org.eclipse.justj.openjdk.hotspot.jre.full.win32.x86_64_17.0.1.v20211116-1657/jre/bin/server;C:/Users/bhumika.dureja/.p2/pool/plugins/org.eclipse.justj.openjdk.hotspot.jre.full.win32.x86_64_17.0.1.v20211116-1657/jre/bin;C:\Program Files\Java\jdk1.8.0_321\bin;C:\Windows\system32;C:\Windows;C:\Windows\System32\Wbem;C:\Windows\System32\WindowsPowerShell\v1.0\;C:\Windows\System32\OpenSSH\;C:\Program Files\Git\cmd;C:\Program Files\MySQL\MySQL Server 8.0\bin;C:\apache-maven-3.8.4\bin;C:\apache-ant-1.10.12\bin;C:\Program Files\nodejs\;C:\Users\bhumika.dureja\AppData\Local\Microsoft\WindowsApps;C:\Users\bhumika.dureja\AppData\Roaming\npm;C:\Windows\system32;
USERNAME=bhumika.dureja
OS=Windows_NT
PROCESSOR_IDENTIFIER=Intel64 Family 6 Model 158 Stepping 10, GenuineIntel



---------------  S Y S T E M  ---------------

OS:
 Windows 10 , 64 bit Build 19041 (10.0.19041.1706)
OS uptime: 8 days 5:09 hours

CPU: total 12 (initial active 12) (6 cores per cpu, 2 threads per core) family 6 model 158 stepping 10 microcode 0xde, cx8, cmov, fxsr, ht, mmx, 3dnowpref, sse, sse2, sse3, ssse3, sse4.1, sse4.2, popcnt, lzcnt, tsc, tscinvbit, avx, avx2, aes, erms, clmul, bmi1, bmi2, rtm, adx, fma, vzeroupper, clflush, clflushopt

Memory: 4k page, system-wide physical 16278M (778M free)
TotalPageFile size 28313M (AvailPageFile size 1211M)
current process WorkingSet (physical memory assigned to process): 182M, peak: 246M
current process commit charge ("private bytes"): 255M, peak: 372M

vm_info: OpenJDK 64-Bit Server VM (17.0.1+12) for windows-amd64 JRE (17.0.1+12), built on Oct 20 2021 07:42:55 by "" with MS VC++ 16.7 (VS2019)

END.
